<?xml version="1.0" encoding="UTF-8"?>
<!-- Generated by org.testng.reporters.JUnitReportReporter -->
<testsuite skipped="0" hostname="AIPL6510LT14315" name="restapi.AccountDetails" tests="1" failures="0" timestamp="2022-02-18T15:06:36 IST" time="2.717" errors="0">
  <testcase name="verifyAccounts" time="2.717" classname="restapi.AccountDetails"/>
  <system-out/>
</testsuite> <!-- restapi.AccountDetails -->
