<?xml version="1.0" encoding="UTF-8"?>
<!-- Generated by org.testng.reporters.JUnitReportReporter -->
<testsuite skipped="0" hostname="AIPL6510LT14315" name="restapi.LoginUIBank" tests="1" failures="0" timestamp="2022-02-18T16:00:28 IST" time="3.133" errors="0">
  <testcase name="loginUiBankMethod" time="3.133" classname="restapi.LoginUIBank"/>
  <system-out/>
</testsuite> <!-- restapi.LoginUIBank -->
