<?xml version="1.0" encoding="UTF-8"?>
<!-- Generated by org.testng.reporters.JUnitReportReporter -->
<testsuite skipped="0" hostname="AIPL6510LT14315" name="restapi.NewAccount" tests="1" failures="0" timestamp="2022-02-18T15:22:07 IST" time="1.017" errors="0">
  <testcase name="createAccountUiBank" time="1.017" classname="restapi.NewAccount"/>
  <system-out/>
</testsuite> <!-- restapi.NewAccount -->
